2017-11-15 22:26:07,634 - Trying to use logger class org.apache.velocity.runtime.log.Log4JLogChute
2017-11-15 22:26:07,634 - Using logger class org.apache.velocity.runtime.log.Log4JLogChute
2017-11-15 22:26:07,636 - Default ResourceManager initializing. (class org.apache.velocity.runtime.resource.ResourceManagerImpl)
2017-11-15 22:26:07,637 - ResourceLoader instantiated: org.apache.velocity.runtime.resource.loader.FileResourceLoader
2017-11-15 22:26:07,638 - Do unicode file recognition:  false
2017-11-15 22:26:07,638 - FileResourceLoader : adding path '.'
2017-11-15 22:26:07,641 - ResourceCache: initialized (class org.apache.velocity.runtime.resource.ResourceCacheImpl)
2017-11-15 22:26:07,642 - Loaded System Directive: org.apache.velocity.runtime.directive.Literal
2017-11-15 22:26:07,642 - Loaded System Directive: org.apache.velocity.runtime.directive.Macro
2017-11-15 22:26:07,643 - Loaded System Directive: org.apache.velocity.runtime.directive.Parse
2017-11-15 22:26:07,643 - Loaded System Directive: org.apache.velocity.runtime.directive.Include
2017-11-15 22:26:07,644 - Loaded System Directive: org.apache.velocity.runtime.directive.Foreach
2017-11-15 22:26:07,656 - Created '20' parsers.
2017-11-15 22:26:07,659 - Velocimacro : "velocimacro.library" is not set.  Trying default library: VM_global_library.vm
2017-11-15 22:26:07,660 - Velocimacro : Default library not found.
2017-11-15 22:26:07,660 - Velocimacro : allowInline = true : VMs can be defined inline in templates
2017-11-15 22:26:07,660 - Velocimacro : allowInlineToOverride = false : VMs defined inline may NOT replace previous VM definitions
2017-11-15 22:26:07,660 - Velocimacro : allowInlineLocal = false : VMs defined inline will be global in scope if allowed.
2017-11-15 22:26:07,660 - Velocimacro : autoload off : VM system will not automatically reload global library macros
2017-11-15 22:26:07,684 - Log4JLogChute initialized using file 'velocity.log'
2017-11-15 22:26:07,685 - Starting Apache Velocity v1.5 (compiled: 2007-02-22 08:52:29)
2017-11-15 22:26:07,685 - Default Properties File: org/apache/velocity/runtime/defaults/velocity.properties
2017-11-15 22:26:07,686 - Trying to use logger class org.apache.velocity.runtime.log.AvalonLogChute
2017-11-15 22:26:07,687 - Couldn't find class org.apache.velocity.runtime.log.AvalonLogChute or necessary supporting classes in classpath.
java.lang.NoClassDefFoundError: org/apache/log/format/Formatter
	at java.lang.Class.forName0(Native Method)
	at java.lang.Class.forName(Class.java:348)
	at org.apache.velocity.util.ClassUtils.getClass(ClassUtils.java:63)
	at org.apache.velocity.util.ClassUtils.getNewInstance(ClassUtils.java:95)
	at org.apache.velocity.runtime.log.LogManager.createLogChute(LogManager.java:147)
	at org.apache.velocity.runtime.log.LogManager.updateLog(LogManager.java:208)
	at org.apache.velocity.runtime.RuntimeInstance.initializeLog(RuntimeInstance.java:728)
	at org.apache.velocity.runtime.RuntimeInstance.init(RuntimeInstance.java:240)
	at org.apache.velocity.app.VelocityEngine.init(VelocityEngine.java:116)
	at com.tddinaction.j2ee.web.view.velocity.VelocityTestCase.renderTemplate(VelocityTestCase.java:58)
	at com.tddinaction.j2ee.web.view.velocity.VelocityTestCase.render(VelocityTestCase.java:52)
	at com.tddinaction.j2ee.web.view.velocity.TestLoginTemplate.previousUsernameIsRetained(TestLoginTemplate.java:24)
	at sun.reflect.NativeMethodAccessorImpl.invoke0(Native Method)
	at sun.reflect.NativeMethodAccessorImpl.invoke(NativeMethodAccessorImpl.java:62)
	at sun.reflect.DelegatingMethodAccessorImpl.invoke(DelegatingMethodAccessorImpl.java:43)
	at java.lang.reflect.Method.invoke(Method.java:498)
	at org.junit.internal.runners.TestMethodRunner.executeMethodBody(TestMethodRunner.java:99)
	at org.junit.internal.runners.TestMethodRunner.runUnprotected(TestMethodRunner.java:81)
	at org.junit.internal.runners.BeforeAndAfterRunner.runProtected(BeforeAndAfterRunner.java:34)
	at org.junit.internal.runners.TestMethodRunner.runMethod(TestMethodRunner.java:75)
	at org.junit.internal.runners.TestMethodRunner.run(TestMethodRunner.java:45)
	at org.junit.internal.runners.TestClassMethodsRunner.invokeTestMethod(TestClassMethodsRunner.java:66)
	at org.junit.internal.runners.TestClassMethodsRunner.run(TestClassMethodsRunner.java:35)
	at org.junit.internal.runners.TestClassRunner$1.runUnprotected(TestClassRunner.java:42)
	at org.junit.internal.runners.BeforeAndAfterRunner.runProtected(BeforeAndAfterRunner.java:34)
	at org.junit.internal.runners.TestClassRunner.run(TestClassRunner.java:52)
	at org.junit.internal.runners.CompositeRunner.run(CompositeRunner.java:29)
	at org.junit.runner.JUnitCore.run(JUnitCore.java:130)
	at com.intellij.junit4.JUnit4IdeaTestRunner.startRunnerWithArgs(JUnit4IdeaTestRunner.java:68)
	at com.intellij.rt.execution.junit.IdeaTestRunner$Repeater.startRunnerWithArgs(IdeaTestRunner.java:47)
	at com.intellij.rt.execution.junit.JUnitStarter.prepareStreamsAndStart(JUnitStarter.java:242)
	at com.intellij.rt.execution.junit.JUnitStarter.main(JUnitStarter.java:70)
Caused by: java.lang.ClassNotFoundException: org.apache.log.format.Formatter
	at java.net.URLClassLoader.findClass(URLClassLoader.java:381)
	at java.lang.ClassLoader.loadClass(ClassLoader.java:424)
	at sun.misc.Launcher$AppClassLoader.loadClass(Launcher.java:335)
	at java.lang.ClassLoader.loadClass(ClassLoader.java:357)
	... 32 more
2017-11-15 22:26:07,687 - Trying to use logger class org.apache.velocity.runtime.log.Log4JLogChute
2017-11-15 22:26:07,688 - Using logger class org.apache.velocity.runtime.log.Log4JLogChute
2017-11-15 22:26:07,688 - Default ResourceManager initializing. (class org.apache.velocity.runtime.resource.ResourceManagerImpl)
2017-11-15 22:26:07,688 - ResourceLoader instantiated: org.apache.velocity.runtime.resource.loader.FileResourceLoader
2017-11-15 22:26:07,688 - Do unicode file recognition:  false
2017-11-15 22:26:07,688 - FileResourceLoader : adding path '.'
2017-11-15 22:26:07,688 - ResourceCache: initialized (class org.apache.velocity.runtime.resource.ResourceCacheImpl)
2017-11-15 22:26:07,688 - Loaded System Directive: org.apache.velocity.runtime.directive.Literal
2017-11-15 22:26:07,688 - Loaded System Directive: org.apache.velocity.runtime.directive.Macro
2017-11-15 22:26:07,688 - Loaded System Directive: org.apache.velocity.runtime.directive.Parse
2017-11-15 22:26:07,689 - Loaded System Directive: org.apache.velocity.runtime.directive.Include
2017-11-15 22:26:07,689 - Loaded System Directive: org.apache.velocity.runtime.directive.Foreach
2017-11-15 22:26:07,689 - Created '20' parsers.
2017-11-15 22:26:07,689 - Velocimacro : "velocimacro.library" is not set.  Trying default library: VM_global_library.vm
2017-11-15 22:26:07,689 - Velocimacro : Default library not found.
2017-11-15 22:26:07,689 - Velocimacro : allowInline = true : VMs can be defined inline in templates
2017-11-15 22:26:07,689 - Velocimacro : allowInlineToOverride = false : VMs defined inline may NOT replace previous VM definitions
2017-11-15 22:26:07,689 - Velocimacro : allowInlineLocal = false : VMs defined inline will be global in scope if allowed.
2017-11-15 22:26:07,689 - Velocimacro : autoload off : VM system will not automatically reload global library macros
2017-11-15 22:26:07,696 - Log4JLogChute initialized using file 'velocity.log'
2017-11-15 22:26:07,696 - Starting Apache Velocity v1.5 (compiled: 2007-02-22 08:52:29)
2017-11-15 22:26:07,697 - Default Properties File: org/apache/velocity/runtime/defaults/velocity.properties
2017-11-15 22:26:07,697 - Trying to use logger class org.apache.velocity.runtime.log.AvalonLogChute
2017-11-15 22:26:07,698 - Couldn't find class org.apache.velocity.runtime.log.AvalonLogChute or necessary supporting classes in classpath.
java.lang.NoClassDefFoundError: org/apache/log/format/Formatter
	at java.lang.Class.forName0(Native Method)
	at java.lang.Class.forName(Class.java:348)
	at org.apache.velocity.util.ClassUtils.getClass(ClassUtils.java:63)
	at org.apache.velocity.util.ClassUtils.getNewInstance(ClassUtils.java:95)
	at org.apache.velocity.runtime.log.LogManager.createLogChute(LogManager.java:147)
	at org.apache.velocity.runtime.log.LogManager.updateLog(LogManager.java:208)
	at org.apache.velocity.runtime.RuntimeInstance.initializeLog(RuntimeInstance.java:728)
	at org.apache.velocity.runtime.RuntimeInstance.init(RuntimeInstance.java:240)
	at org.apache.velocity.app.VelocityEngine.init(VelocityEngine.java:116)
	at com.tddinaction.j2ee.web.view.velocity.VelocityTestCase.renderTemplate(VelocityTestCase.java:58)
	at com.tddinaction.j2ee.web.view.velocity.VelocityTestCase.render(VelocityTestCase.java:52)
	at com.tddinaction.j2ee.web.view.velocity.TestLoginTemplate.errorsAreRenderedForTheUser(TestLoginTemplate.java:31)
	at sun.reflect.NativeMethodAccessorImpl.invoke0(Native Method)
	at sun.reflect.NativeMethodAccessorImpl.invoke(NativeMethodAccessorImpl.java:62)
	at sun.reflect.DelegatingMethodAccessorImpl.invoke(DelegatingMethodAccessorImpl.java:43)
	at java.lang.reflect.Method.invoke(Method.java:498)
	at org.junit.internal.runners.TestMethodRunner.executeMethodBody(TestMethodRunner.java:99)
	at org.junit.internal.runners.TestMethodRunner.runUnprotected(TestMethodRunner.java:81)
	at org.junit.internal.runners.BeforeAndAfterRunner.runProtected(BeforeAndAfterRunner.java:34)
	at org.junit.internal.runners.TestMethodRunner.runMethod(TestMethodRunner.java:75)
	at org.junit.internal.runners.TestMethodRunner.run(TestMethodRunner.java:45)
	at org.junit.internal.runners.TestClassMethodsRunner.invokeTestMethod(TestClassMethodsRunner.java:66)
	at org.junit.internal.runners.TestClassMethodsRunner.run(TestClassMethodsRunner.java:35)
	at org.junit.internal.runners.TestClassRunner$1.runUnprotected(TestClassRunner.java:42)
	at org.junit.internal.runners.BeforeAndAfterRunner.runProtected(BeforeAndAfterRunner.java:34)
	at org.junit.internal.runners.TestClassRunner.run(TestClassRunner.java:52)
	at org.junit.internal.runners.CompositeRunner.run(CompositeRunner.java:29)
	at org.junit.runner.JUnitCore.run(JUnitCore.java:130)
	at com.intellij.junit4.JUnit4IdeaTestRunner.startRunnerWithArgs(JUnit4IdeaTestRunner.java:68)
	at com.intellij.rt.execution.junit.IdeaTestRunner$Repeater.startRunnerWithArgs(IdeaTestRunner.java:47)
	at com.intellij.rt.execution.junit.JUnitStarter.prepareStreamsAndStart(JUnitStarter.java:242)
	at com.intellij.rt.execution.junit.JUnitStarter.main(JUnitStarter.java:70)
Caused by: java.lang.ClassNotFoundException: org.apache.log.format.Formatter
	at java.net.URLClassLoader.findClass(URLClassLoader.java:381)
	at java.lang.ClassLoader.loadClass(ClassLoader.java:424)
	at sun.misc.Launcher$AppClassLoader.loadClass(Launcher.java:335)
	at java.lang.ClassLoader.loadClass(ClassLoader.java:357)
	... 32 more
2017-11-15 22:26:07,699 - Trying to use logger class org.apache.velocity.runtime.log.Log4JLogChute
2017-11-15 22:26:07,701 - Using logger class org.apache.velocity.runtime.log.Log4JLogChute
2017-11-15 22:26:07,702 - Default ResourceManager initializing. (class org.apache.velocity.runtime.resource.ResourceManagerImpl)
2017-11-15 22:26:07,702 - ResourceLoader instantiated: org.apache.velocity.runtime.resource.loader.FileResourceLoader
2017-11-15 22:26:07,703 - Do unicode file recognition:  false
2017-11-15 22:26:07,704 - FileResourceLoader : adding path '.'
2017-11-15 22:26:07,704 - ResourceCache: initialized (class org.apache.velocity.runtime.resource.ResourceCacheImpl)
2017-11-15 22:26:07,705 - Loaded System Directive: org.apache.velocity.runtime.directive.Literal
2017-11-15 22:26:07,705 - Loaded System Directive: org.apache.velocity.runtime.directive.Macro
2017-11-15 22:26:07,706 - Loaded System Directive: org.apache.velocity.runtime.directive.Parse
2017-11-15 22:26:07,707 - Loaded System Directive: org.apache.velocity.runtime.directive.Include
2017-11-15 22:26:07,708 - Loaded System Directive: org.apache.velocity.runtime.directive.Foreach
2017-11-15 22:26:07,709 - Created '20' parsers.
2017-11-15 22:26:07,713 - Velocimacro : "velocimacro.library" is not set.  Trying default library: VM_global_library.vm
2017-11-15 22:26:07,714 - Velocimacro : Default library not found.
2017-11-15 22:26:07,714 - Velocimacro : allowInline = true : VMs can be defined inline in templates
2017-11-15 22:26:07,715 - Velocimacro : allowInlineToOverride = false : VMs defined inline may NOT replace previous VM definitions
2017-11-15 22:26:07,716 - Velocimacro : allowInlineLocal = false : VMs defined inline will be global in scope if allowed.
2017-11-15 22:26:07,716 - Velocimacro : autoload off : VM system will not automatically reload global library macros
ethodBody(TestMethodRunner.java:99)
	at org.junit.internal.runners.TestMethodRunner.runUnprotected(TestMethodRunner.java:81)
	at org.junit.internal.runners.BeforeAndAfterRunner.runProtected(BeforeAndAfterRunner.java:34)
	at org.junit.internal.runners.TestMethodRunner.runMethod(TestMethodRunner.java:75)
	at org.junit.internal.runners.TestMethodRunner.run(TestMethodRunner.java:45)
	at org.junit.internal.runners.TestClassMethodsRunner.invokeTestMethod(TestClassMethodsRunner.java:66)
	at org.junit.internal.runners.TestClassMethodsRunner.run(TestClassMethodsRunner.java:35)
	at org.junit.internal.runners.TestClassRunner$1.runUnprotected(TestClassRunner.java:42)
	at org.junit.internal.runners.BeforeAndAfterRunner.runProtected(BeforeAndAfterRunner.java:34)
	at org.junit.internal.runners.TestClassRunner.run(TestClassRunner.java:52)
	at org.junit.internal.runners.CompositeRunner.run(CompositeRunner.java:29)
	at org.junit.runner.JUnitCore.run(JUnitCore.java:130)
	at com.intellij.junit4.JUnit4IdeaTestRunner.startRunnerWithArgs(JUnit4IdeaTestRunner.java:68)
	at com.intellij.rt.execution.junit.IdeaTestRunner$Repeater.startRunnerWithArgs(IdeaTestRunner.java:47)
	at com.intellij.rt.execution.junit.JUnitStarter.prepareStreamsAndStart(JUnitStarter.java:242)
	at com.intellij.rt.execution.junit.JUnitStarter.main(JUnitStarter.java:70)
Caused by: java.lang.ClassNotFoundException: org.apache.log.format.Formatter
	at java.net.URLClassLoader.findClass(URLClassLoader.java:381)
	at java.lang.ClassLoader.loadClass(ClassLoader.java:424)
	at sun.misc.Launcher$AppClassLoader.loadClass(Launcher.java:335)
	at java.lang.ClassLoader.loadClass(ClassLoader.java:357)
	... 32 more
2017-11-15 22:26:07,698 - Couldn't find class org.apache.velocity.runtime.log.AvalonLogChute or necessary supporting classes in classpath.
java.lang.NoClassDefFoundError: org/apache/log/format/Formatter
	at java.lang.Class.forName0(Native Method)
	at java.lang.Class.forName(Class.java:348)
	at org.apache.velocity.util.ClassUtils.getClass(ClassUtils.java:63)
	at org.apache.velocity.util.ClassUtils.getNewInstance(ClassUtils.java:95)
	at org.apache.velocity.runtime.log.LogManager.createLogChute(LogManager.java:147)
	at org.apache.velocity.runtime.log.LogManager.updateLog(LogManager.java:208)
	at org.apache.velocity.runtime.RuntimeInstance.initializeLog(RuntimeInstance.java:728)
	at org.apache.velocity.runtime.RuntimeInstance.init(RuntimeInstance.java:240)
	at org.apache.velocity.app.VelocityEngine.init(VelocityEngine.java:116)
	at com.tddinaction.j2ee.web.view.velocity.VelocityTestCase.renderTemplate(VelocityTestCase.java:58)
	at com.tddinaction.j2ee.web.view.velocity.VelocityTestCase.render(VelocityTestCase.java:52)
	at com.tddinaction.j2ee.web.view.velocity.TestLoginTemplate.errorsAreRenderedForTheUser(TestLoginTemplate.java:31)
	at sun.reflect.NativeMethodAccessorImpl.invoke0(Native Method)
	at sun.reflect.NativeMethodAccessorImpl.invoke(NativeMethodAccessorImpl.java:62)
	at sun.reflect.DelegatingMethodAccessorImpl.invoke(DelegatingMethodAccessorImpl.java:43)
	at java.lang.reflect.Method.invoke(Method.java:498)
	at org.junit.internal.runners.TestMethodRunner.executeMethodBody(TestMethodRunner.java:99)
	at org.junit.internal.runners.TestMethodRunner.runUnprotected(TestMethodRunner.java:81)
	at org.junit.internal.runners.BeforeAndAfterRunner.runProtected(BeforeAndAfterRunner.java:34)
	at org.junit.internal.runners.TestMethodRunner.runMethod(TestMethodRunner.java:75)
	at org.junit.internal.runners.TestMethodRunner.run(TestMethodRunner.java:45)
	at org.junit.internal.runners.TestClassMethodsRunner.invokeTestMethod(TestClassMethodsRunner.java:66)
	at org.junit.internal.runners.TestClassMethodsRunner.run(TestClassMethodsRunner.java:35)
	at org.junit.internal.runners.TestClassRunner$1.runUnprotected(TestClassRunner.java:42)
	at org.junit.internal.runners.BeforeAndAfterRunner.runProtected(BeforeAndAfterRunner.java:34)
	at org.junit.internal.runners.TestClassRunner.run(TestClassRunner.java:52)
	at org.junit.internal.runners.CompositeRunner.run(CompositeRunner.java:29)
	at org.junit.runner.JUnitCore.run(JUnitCore.java:130)
	at com.intellij.junit4.JUnit4IdeaTestRunner.startRunnerWithArgs(JUnit4IdeaTestRunner.java:68)
	at com.intellij.rt.execution.junit.IdeaTestRunner$Repeater.startRunnerWithArgs(IdeaTestRunner.java:47)
	at com.intellij.rt.execution.junit.JUnitStarter.prepareStreamsAndStart(JUnitStarter.java:242)
	at com.intellij.rt.execution.junit.JUnitStarter.main(JUnitStarter.java:70)
Caused by: java.lang.ClassNotFoundException: org.apache.log.format.Formatter
	at java.net.URLClassLoader.findClass(URLClassLoader.java:381)
	at java.lang.ClassLoader.loadClass(ClassLoader.java:424)
	at sun.misc.Launcher$AppClassLoader.loadClass(Launcher.java:335)
	at java.lang.ClassLoader.loadClass(ClassLoader.java:357)
	... 32 more
2017-11-15 22:26:07,699 - Trying to use logger class org.apache.velocity.runtime.log.Log4JLogChute
2017-11-15 22:26:07,699 - Trying to use logger class org.apache.velocity.runtime.log.Log4JLogChute
2017-11-15 22:26:07,701 - Using logger class org.apache.velocity.runtime.log.Log4JLogChute
2017-11-15 22:26:07,701 - Using logger class org.apache.velocity.runtime.log.Log4JLogChute
2017-11-15 22:26:07,702 - Default ResourceManager initializing. (class org.apache.velocity.runtime.resource.ResourceManagerImpl)
2017-11-15 22:26:07,702 - Default ResourceManager initializing. (class org.apache.velocity.runtime.resource.ResourceManagerImpl)
2017-11-15 22:26:07,702 - ResourceLoader instantiated: org.apache.velocity.runtime.resource.loader.FileResourceLoader
2017-11-15 22:26:07,702 - ResourceLoader instantiated: org.apache.velocity.runtime.resource.loader.FileResourceLoader
2017-11-15 22:26:07,703 - Do unicode file recognition:  false
2017-11-15 22:26:07,703 - Do unicode file recognition:  false
2017-11-15 22:26:07,704 - FileResourceLoader : adding path '.'
2017-11-15 22:26:07,704 - FileResourceLoader : adding path '.'
2017-11-15 22:26:07,704 - ResourceCache: initialized (class org.apache.velocity.runtime.resource.ResourceCacheImpl)
2017-11-15 22:26:07,704 - ResourceCache: initialized (class org.apache.velocity.runtime.resource.ResourceCacheImpl)
2017-11-15 22:26:07,705 - Loaded System Directive: org.apache.velocity.runtime.directive.Literal
2017-11-15 22:26:07,705 - Loaded System Directive: org.apache.velocity.runtime.directive.Literal
2017-11-15 22:26:07,705 - Loaded System Directive: org.apache.velocity.runtime.directive.Macro
2017-11-15 22:26:07,705 - Loaded System Directive: org.apache.velocity.runtime.directive.Macro
2017-11-15 22:26:07,706 - Loaded System Directive: org.apache.velocity.runtime.directive.Parse
2017-11-15 22:26:07,706 - Loaded System Directive: org.apache.velocity.runtime.directive.Parse
2017-11-15 22:26:07,707 - Loaded System Directive: org.apache.velocity.runtime.directive.Include
2017-11-15 22:26:07,707 - Loaded System Directive: org.apache.velocity.runtime.directive.Include
2017-11-15 22:26:07,708 - Loaded System Directive: org.apache.velocity.runtime.directive.Foreach
2017-11-15 22:26:07,708 - Loaded System Directive: org.apache.velocity.runtime.directive.Foreach
2017-11-15 22:26:07,709 - Created '20' parsers.
2017-11-15 22:26:07,709 - Created '20' parsers.
2017-11-15 22:26:07,713 - Velocimacro : "velocimacro.library" is not set.  Trying default library: VM_global_library.vm
2017-11-15 22:26:07,713 - Velocimacro : "velocimacro.library" is not set.  Trying default library: VM_global_library.vm
2017-11-15 22:26:07,714 - Velocimacro : Default library not found.
2017-11-15 22:26:07,714 - Velocimacro : Default library not found.
2017-11-15 22:26:07,714 - Velocimacro : allowInline = true : VMs can be defined inline in templates
2017-11-15 22:26:07,714 - Velocimacro : allowInline = true : VMs can be defined inline in templates
2017-11-15 22:26:07,715 - Velocimacro : allowInlineToOverride = false : VMs defined inline may NOT replace previous VM definitions
2017-11-15 22:26:07,715 - Velocimacro : allowInlineToOverride = false : VMs defined inline may NOT replace previous VM definitions
2017-11-15 22:26:07,716 - Velocimacro : allowInlineLocal = false : VMs defined inline will be global in scope if allowed.
2017-11-15 22:26:07,716 - Velocimacro : allowInlineLocal = false : VMs defined inline will be global in scope if allowed.
2017-11-15 22:26:07,716 - Velocimacro : autoload off : VM system will not automatically reload global library macros
2017-11-15 22:26:07,716 - Velocimacro : autoload off : VM system will not automatically reload global library macros
